<?xml version="1.0" encoding="UTF-8" ?>
<testsuite failures="0" time="4.453" errors="0" skipped="0" tests="1" name="com.webaction.AppTest">
  <properties>
    <property name="java.runtime.name" value="Java(TM) SE Runtime Environment"/>
    <property name="sun.boot.library.path" value="D:\Program Files\Java\jdk1.7.0_71\jre\bin"/>
    <property name="java.vm.version" value="24.71-b01"/>
    <property name="java.vm.vendor" value="Oracle Corporation"/>
    <property name="java.vendor.url" value="http://java.oracle.com/"/>
    <property name="path.separator" value=";"/>
    <property name="guice.disable.misplaced.annotation.check" value="true"/>
    <property name="java.vm.name" value="Java HotSpot(TM) Client VM"/>
    <property name="file.encoding.pkg" value="sun.io"/>
    <property name="user.script" value=""/>
    <property name="user.country" value="RU"/>
    <property name="sun.java.launcher" value="SUN_STANDARD"/>
    <property name="sun.os.patch.level" value="Service Pack 3"/>
    <property name="java.vm.specification.name" value="Java Virtual Machine Specification"/>
    <property name="user.dir" value="d:\Documents and Settings\Admin\workspace\MavenTest\TestChart"/>
    <property name="java.runtime.version" value="1.7.0_71-b14"/>
    <property name="java.awt.graphicsenv" value="sun.awt.Win32GraphicsEnvironment"/>
    <property name="java.endorsed.dirs" value="D:\Program Files\Java\jdk1.7.0_71\jre\lib\endorsed"/>
    <property name="os.arch" value="x86"/>
    <property name="java.io.tmpdir" value="D:\DOCUME~1\Admin\LOCALS~1\Temp\"/>
    <property name="line.separator" value="
"/>
    <property name="java.vm.specification.vendor" value="Oracle Corporation"/>
    <property name="user.variant" value=""/>
    <property name="os.name" value="Windows XP"/>
    <property name="classworlds.conf" value="D:\Program Files\Apache Software Foundation\apache-maven-3.2.3\bin\m2.conf"/>
    <property name="sun.jnu.encoding" value="Cp1251"/>
    <property name="java.library.path" value="D:\Program Files\Java\jdk1.7.0_71\bin;D:\WINDOWS\Sun\Java\bin;D:\WINDOWS\system32;D:\WINDOWS;D:\WINDOWS\system32;D:\WINDOWS;D:\WINDOWS\System32\Wbem;D:\Program Files\Microsoft SQL Server\100\Tools\Binn\;D:\Program Files\Microsoft SQL Server\100\DTS\Binn\;D:\WINDOWS\system32\WindowsPowerShell\v1.0;D:\Program Files\Microsoft ASP.NET\ASP.NET Web Pages\v1.0\;D:\Program Files\Git\cmd;D:\Program Files\nodejs\;D:\Program Files\QuickTime\QTSystem\;D:\Program Files\Apache Software Foundation\apache-maven-3.2.3\;D:\Documents and Settings\Admin\Application Data\npm;D:\Documents and Settings\Admin\Local Settings\Application Data\Spoon\Cmd;D:\Program Files\Apache Software Foundation\apache-maven-3.2.3\bin;D:\Program Files\Java\jdk1.7.0_71\bin;."/>
    <property name="java.specification.name" value="Java Platform API Specification"/>
    <property name="java.class.version" value="51.0"/>
    <property name="sun.management.compiler" value="HotSpot Client Compiler"/>
    <property name="os.version" value="5.1"/>
    <property name="user.home" value="D:\Documents and Settings\Admin"/>
    <property name="user.timezone" value="Europe/Helsinki"/>
    <property name="java.awt.printerjob" value="sun.awt.windows.WPrinterJob"/>
    <property name="java.specification.version" value="1.7"/>
    <property name="file.encoding" value="Cp1251"/>
    <property name="user.name" value="DanilinS"/>
    <property name="java.class.path" value="D:\Program Files\Apache Software Foundation\apache-maven-3.2.3\boot\plexus-classworlds-2.5.1.jar"/>
    <property name="java.vm.specification.version" value="1.7"/>
    <property name="sun.arch.data.model" value="32"/>
    <property name="java.home" value="D:\Program Files\Java\jdk1.7.0_71\jre"/>
    <property name="sun.java.command" value="org.codehaus.plexus.classworlds.launcher.Launcher test"/>
    <property name="java.specification.vendor" value="Oracle Corporation"/>
    <property name="user.language" value="ru"/>
    <property name="awt.toolkit" value="sun.awt.windows.WToolkit"/>
    <property name="java.vm.info" value="mixed mode, sharing"/>
    <property name="java.version" value="1.7.0_71"/>
    <property name="java.ext.dirs" value="D:\Program Files\Java\jdk1.7.0_71\jre\lib\ext;D:\WINDOWS\Sun\Java\lib\ext"/>
    <property name="sun.boot.class.path" value="D:\Program Files\Java\jdk1.7.0_71\jre\lib\resources.jar;D:\Program Files\Java\jdk1.7.0_71\jre\lib\rt.jar;D:\Program Files\Java\jdk1.7.0_71\jre\lib\sunrsasign.jar;D:\Program Files\Java\jdk1.7.0_71\jre\lib\jsse.jar;D:\Program Files\Java\jdk1.7.0_71\jre\lib\jce.jar;D:\Program Files\Java\jdk1.7.0_71\jre\lib\charsets.jar;D:\Program Files\Java\jdk1.7.0_71\jre\lib\jfr.jar;D:\Program Files\Java\jdk1.7.0_71\jre\classes"/>
    <property name="java.vendor" value="Oracle Corporation"/>
    <property name="maven.home" value="D:\Program Files\Apache Software Foundation\apache-maven-3.2.3"/>
    <property name="file.separator" value="\"/>
    <property name="java.vendor.url.bug" value="http://bugreport.sun.com/bugreport/"/>
    <property name="sun.cpu.endian" value="little"/>
    <property name="sun.io.unicode.encoding" value="UnicodeLittle"/>
    <property name="sun.desktop" value="windows"/>
    <property name="sun.cpu.isalist" value="pentium_pro+mmx pentium_pro pentium+mmx pentium i486 i386 i86"/>
  </properties>
  <testcase time="4.453" classname="com.webaction.AppTest" name="testUserProfile"/>
</testsuite>